build/app/outputs/mapping/release/seeds.txt
com.example.processed.MainActivity
com.example.processed.MainActivity: MainActivity()
...
androidx.window.embedding.SplitPlaceholderRule: boolean equals(java.lang.Object)
androidx.window.layout.SidecarCompat: androidx.window.layout.WindowLayoutInfo getWindowLayoutInfo(android.app.Activity)
io.flutter.embedding.engine.mutatorsstack.FlutterMutatorView: void setOnDescendantFocusChangeListener(android.view.View$OnFocusChangeListener)
androidx.window.layout.WindowMetricsCalculator$Companion: void overrideDecorator(androidx.window.layout.WindowMetricsCalculatorDecorator)
androidx.core.view.WindowInsetsCompat$BuilderImpl29: void setTappableElementInsets(androidx.core.graphics.Insets)
io.flutter.embedding.engine.FlutterJNI: void setRefreshRateFPS(float)
androidx.window.embedding.ExtensionEmbeddingBackend: void access$setGlobalInstance$cp(androidx.window.embedding.ExtensionEmbeddingBackend)
androidx.window.java.R: R()
io.flutter.view.AccessibilityViewEmbedder: android.view.accessibility.AccessibilityNodeInfo getRootNode(android.view.View,int,android.graphics.Rect)
androidx.window.layout.SidecarWindowBackend: void callbackRemovedForActivity(android.app.Activity)
androidx.window.embedding.SplitPairRule: SplitPairRule(java.util.Set,boolean,boolean,boolean,int,int,float,int,int,kotlin.jvm.internal.DefaultConstructorMarker)
io.flutter.embedding.engine.FlutterJNI: void nativeDeferredComponentInstallFailure(int,java.lang.String,boolean)
androidx.window.layout.DisplayCompatHelperApi28: DisplayCompatHelperApi28()
io.flutter.embedding.engine.systemchannels.PlatformChannel$HapticFeedbackType: io.flutter.embedding.engine.systemchannels.PlatformChannel$HapticFeedbackType valueOf(java.lang.String)
androidx.core.view.WindowInsetsCompat$Impl20: androidx.core.graphics.Insets getInsets(int)
androidx.core.app.NotificationManagerCompat$Api26Impl: void createNotificationChannels(android.app.NotificationManager,java.util.List)
androidx.window.embedding.ExtensionEmbeddingBackend: ExtensionEmbeddingBackend(androidx.window.embedding.EmbeddingInterfaceCompat)
androidx.core.view.WindowInsetsCompat$BuilderImpl29: WindowInsetsCompat$BuilderImpl29()
androidx.core.app.NotificationCompat$BubbleMetadata$Api30Impl: android.app.Notification$BubbleMetadata toPlatform(androidx.core.app.NotificationCompat$BubbleMetadata)
io.flutter.embedding.engine.mutatorsstack.FlutterMutatorView: android.graphics.Matrix getPlatformViewMatrix()
io.flutter.embedding.engine.mutatorsstack.FlutterMutatorsStack: FlutterMutatorsStack()
androidx.core.app.AppOpsManagerCompat$Api23Impl: int noteProxyOpNoThrow(android.app.AppOpsManager,java.lang.String,java.lang.String)
kotlinx.coroutines.android.AndroidDispatcherFactory: AndroidDispatcherFactory()
kotlin.coroutines.jvm.internal.BaseContinuationImpl: void resumeWith(java.lang.Object)
io.flutter.embedding.engine.renderer.FlutterRenderer$ImageReaderSurfaceProducer: void maybeCloseReader(android.media.ImageReader)
androidx.core.view.ViewCompat$Api23Impl: void setScrollIndicators(android.view.View,int,int)
androidx.core.app.RemoteActionCompat: RemoteActionCompat()
androidx.window.layout.ActivityCompatHelperApi24: boolean isInMultiWindowMode(android.app.Activity)
androidx.core.view.ViewCompat$Api16Impl: void setImportantForAccessibility(android.view.View,int)
androidx.window.layout.WindowMetricsCalculator$Companion$overrideDecorator$1: WindowMetricsCalculator$Companion$overrideDecorator$1(java.lang.Object)
io.flutter.embedding.engine.FlutterJNI: void invokePlatformMessageEmptyResponseCallback(int)
androidx.window.embedding.SplitPairFilter: android.content.ComponentName getPrimaryActivityName()
io.flutter.plugin.editing.ImeSyncDeferringInsetsCallback: boolean access$102(io.flutter.plugin.editing.ImeSyncDeferringInsetsCallback,boolean)
androidx.window.layout.SidecarWindowBackend$WindowLayoutChangeCallbackWrapper: androidx.core.util.Consumer getCallback()
io.flutter.plugin.editing.ImeSyncDeferringInsetsCallback: android.view.View$OnApplyWindowInsetsListener getInsetsListener()