build/app/outputs/mapping/release/mapping.txt
# compiler: R8
# compiler_version: 3.3.70
# min_api: 21
# common_typos_disable
# {"id":"com.android.tools.r8.mapping","version":"2.0"}
# pg_map_id: 96f3658
# pg_map_hash: SHA-256 96f365873598b4051fa05fbbb818a37aa3e410830e2704dd63e140c4290054c0
...
kotlinx.coroutines.InvokeOnCancel -> p2.f1:
    kotlin.jvm.functions.Function1 handler -> d
    void invoke(java.lang.Throwable) -> a
kotlinx.coroutines.InvokeOnCancelling -> p2.g1:
    kotlin.jvm.functions.Function1 handler -> h
    java.util.concurrent.atomic.AtomicIntegerFieldUpdater _invoked$FU -> i
    void invoke(java.lang.Throwable) -> x
kotlinx.coroutines.InvokeOnCompletion -> p2.h1:
    kotlin.jvm.functions.Function1 handler -> h
    void invoke(java.lang.Throwable) -> x
kotlinx.coroutines.Job -> p2.i1:
    kotlinx.coroutines.Job$Key Key -> c
    boolean isActive() -> b
    kotlinx.coroutines.ChildHandle attachChild(kotlinx.coroutines.ChildJob) -> d
    kotlinx.coroutines.DisposableHandle invokeOnCompletion(boolean,boolean,kotlin.jvm.functions.Function1) -> f
    java.util.concurrent.CancellationException getCancellationException() -> o
    void cancel(java.util.concurrent.CancellationException) -> p
kotlinx.coroutines.Job$DefaultImpls -> p2.i1$a:
    void cancel$default(kotlinx.coroutines.Job,java.util.concurrent.CancellationException,int,java.lang.Object) -> a
    java.lang.Object fold(kotlinx.coroutines.Job,java.lang.Object,kotlin.jvm.functions.Function2) -> b
    kotlin.coroutines.CoroutineContext$Element get(kotlinx.coroutines.Job,kotlin.coroutines.CoroutineContext$Key) -> c
    kotlinx.coroutines.DisposableHandle invokeOnCompletion$default(kotlinx.coroutines.Job,boolean,boolean,kotlin.jvm.functions.Function1,int,java.lang.Object) -> d
    kotlin.coroutines.CoroutineContext minusKey(kotlinx.coroutines.Job,kotlin.coroutines.CoroutineContext$Key) -> e
    kotlin.coroutines.CoroutineContext plus(kotlinx.coroutines.Job,kotlin.coroutines.CoroutineContext) -> f
kotlinx.coroutines.Job$Key -> p2.i1$b:
    kotlinx.coroutines.Job$Key $$INSTANCE -> d
kotlinx.coroutines.JobCancellationException -> p2.j1:
    kotlinx.coroutines.Job job -> d
kotlinx.coroutines.JobCancellingNode -> p2.k1:
kotlinx.coroutines.JobImpl -> p2.l1:
    boolean handlesException -> e
    boolean getHandlesException$kotlinx_coroutines_core() -> N
    boolean getOnCancelComplete$kotlinx_coroutines_core() -> O
    boolean handlesException() -> v0
kotlinx.coroutines.JobKt -> p2.m1:
    kotlinx.coroutines.CompletableJob Job(kotlinx.coroutines.Job) -> a
    kotlinx.coroutines.CompletableJob Job$default(kotlinx.coroutines.Job,int,java.lang.Object) -> b
    void cancel(kotlin.coroutines.CoroutineContext,java.util.concurrent.CancellationException) -> c
    void cancel$default(kotlin.coroutines.CoroutineContext,java.util.concurrent.CancellationException,int,java.lang.Object) -> d
    void ensureActive(kotlin.coroutines.CoroutineContext) -> e
    void ensureActive(kotlinx.coroutines.Job) -> f
kotlinx.coroutines.JobKt__JobKt -> p2.n1:
    kotlinx.coroutines.CompletableJob Job(kotlinx.coroutines.Job) -> a
    kotlinx.coroutines.CompletableJob Job$default(kotlinx.coroutines.Job,int,java.lang.Object) -> b
    void cancel(kotlin.coroutines.CoroutineContext,java.util.concurrent.CancellationException) -> c
    void cancel$default(kotlin.coroutines.CoroutineContext,java.util.concurrent.CancellationException,int,java.lang.Object) -> d
    void ensureActive(kotlin.coroutines.CoroutineContext) -> e
    void ensureActive(kotlinx.coroutines.Job) -> f
kotlinx.coroutines.JobNode -> p2.o1:
    kotlinx.coroutines.JobSupport job -> g
    void dispose() -> a
    boolean isActive() -> b
    kotlinx.coroutines.NodeList getList() -> h
    kotlinx.coroutines.JobSupport getJob() -> y
    void setJob(kotlinx.coroutines.JobSupport) -> z