build/app/outputs/mapping/release/usage.txt
com.example.processed.BuildConfig
com.example.processed.R$attr
com.example.processed.R$color
com.example.processed.R$dimen
com.example.processed.R$drawable
com.example.processed.R$id
com.example.processed.R$integer
com.example.processed.R$layout
com.example.processed.R$mipmap
com.example.processed.R$string
com.example.processed.R$style
com.example.processed.R$styleable
com.example.processed.R$xml
com.example.processed.R
...
androidx.fragment.app.Fragment$2:
    void <init>(androidx.fragment.app.Fragment)
androidx.fragment.app.Fragment$3
androidx.fragment.app.Fragment$4
androidx.fragment.app.Fragment$AnimationInfo
androidx.fragment.app.Fragment$InstantiationException
androidx.fragment.app.Fragment$OnStartEnterTransitionListener
androidx.fragment.app.Fragment:
    boolean mAdded
    androidx.fragment.app.Fragment$AnimationInfo mAnimationInfo
    android.os.Bundle mArguments
    int mBackStackNesting
    private boolean mCalled
    androidx.fragment.app.FragmentManagerImpl mChildFragmentManager
    android.view.ViewGroup mContainer
    int mContainerId
    private int mContentLayoutId
    boolean mDeferStart
    boolean mDetached
    int mFragmentId
    androidx.fragment.app.FragmentManagerImpl mFragmentManager
    boolean mFromLayout
    boolean mHasMenu
    boolean mHidden
    boolean mHiddenChanged
    androidx.fragment.app.FragmentHostCallback mHost
    boolean mInLayout
    android.view.View mInnerView
    boolean mIsCreated
    boolean mIsNewlyAdded
    private java.lang.Boolean mIsPrimaryNavigationFragment
    android.view.LayoutInflater mLayoutInflater
    androidx.lifecycle.LifecycleRegistry mLifecycleRegistry
    androidx.lifecycle.Lifecycle$State mMaxState
    boolean mMenuVisible
    androidx.fragment.app.Fragment mParentFragment
    boolean mPerformedCreateView
    float mPostponedAlpha
    java.lang.Runnable mPostponedDurationRunnable
    boolean mRemoving
    boolean mRestored
    boolean mRetainInstance
    boolean mRetainInstanceChangedWhileDetached
    android.os.Bundle mSavedFragmentState
    androidx.savedstate.SavedStateRegistryController mSavedStateRegistryController
    java.lang.Boolean mSavedUserVisibleHint
    android.util.SparseArray mSavedViewState
    int mState
androidx.fragment.app.FragmentActivity:
    public abstract androidx.fragment.app.FragmentManager getSupportFragmentManager()
androidx.fragment.app.FragmentContainer
androidx.fragment.app.FragmentFactory
androidx.fragment.app.FragmentHostCallback
androidx.fragment.app.FragmentManager$FragmentLifecycleCallbacks
androidx.fragment.app.FragmentManager$OnBackStackChangedListener
androidx.fragment.app.FragmentManager
androidx.fragment.app.FragmentManagerImpl$$InternalSyntheticThrowCCEIfNotNull$8$175102155ccf3ff5ac97c27b0b933f5bb8960d0367824ecb29cc2ebc9fcf2685$0
androidx.fragment.app.FragmentManagerImpl$$InternalSyntheticThrowCCEIfNotNull$8$25c8ca1c13e8ca539459e90c5c46d2bad72a522f7fbbfd97e688e9751207eafe$0
androidx.fragment.app.FragmentManagerImpl$$InternalSyntheticThrowCCEIfNotNull$8$29e562b2203bb95e3274081464dd1e6ca838634785a470d88ddd95b0937e5a49$0
androidx.fragment.app.FragmentManagerImpl$$InternalSyntheticThrowCCEIfNotNull$8$34901ff54bbac4ccadb83ad9ae8d159bf62d37ae2ba541330ab3744b439d9ccf$0
androidx.fragment.app.FragmentManagerImpl$$InternalSyntheticThrowCCEIfNotNull$8$7513131499166eae66cd53dc8e2d66cd2249b4865067fcf1efb31258b983d4de$0
androidx.fragment.app.FragmentManagerImpl$$InternalSyntheticThrowCCEIfNotNull$8$787a127d64e5064653a1b6696cc275ac54372ec9e006cab895b72fa4a8f2d3cd$0
androidx.fragment.app.FragmentManagerImpl$$InternalSyntheticThrowCCEIfNotNull$8$9f986af70c80fd77ec597913a75149c8bc5342309a01869addc0d8020b5a97ad$0
androidx.fragment.app.FragmentManagerImpl$$InternalSyntheticThrowCCEIfNotNull$8$b7dee771cb51021a55b486b0cf240fe70fbc4240b239d4c2f898fb8f3c42e3e1$0
androidx.fragment.app.FragmentManagerImpl$$InternalSyntheticThrowCCEIfNotNull$8$ba47a6a4601f772138f1ea09b03105baff57f65663cb0644b3989d9dd437eea2$0
androidx.fragment.app.FragmentManagerImpl$$InternalSyntheticThrowCCEIfNotNull$8$d7c04845e0c14789665a568b11cc8b9b3899d29af8c2fbd902d31a8cdc00076e$0
androidx.fragment.app.FragmentManagerImpl$$InternalSyntheticThrowCCEIfNotNull$8$e7ffe5aebe2dc641a3e839fe4e87148c69336d68fd2b2b3f0deb762979488f4e$0
androidx.fragment.app.FragmentManagerImpl$$InternalSyntheticThrowCCEIfNotNull$8$f13614cff58c6dc3b8d5282215879a798bb649c5c814db416fb3be57f0e77678$0